2023-05-10 20:43:10.309  INFO 17740 --- [restartedMain] c.a.n.client.env.SearchableProperties    : properties search order:PROPERTIES->JVM->ENV->DEFAULT_SETTING
2023-05-10 20:43:10.847  INFO 17740 --- [restartedMain] com.mis.miOrder.MiOrderApp               : Starting MiOrderApp using Java 1.8.0_65 on DESKTOP-BI1NJPJ with PID 17740 (D:\Mistore\mistore\mi-order\target\classes started by YogHurt in D:\Mistore\mistore)
2023-05-10 20:43:10.848  INFO 17740 --- [restartedMain] com.mis.miOrder.MiOrderApp               : No active profile set, falling back to 1 default profile: "default"
2023-05-10 20:43:11.052  INFO 17740 --- [restartedMain] .e.DevToolsPropertyDefaultsPostProcessor : Devtools property defaults active! Set 'spring.devtools.add-properties' to 'false' to disable
2023-05-10 20:43:11.052  INFO 17740 --- [restartedMain] .e.DevToolsPropertyDefaultsPostProcessor : For additional web related logging consider setting the 'logging.level.web' property to 'DEBUG'
2023-05-10 20:43:19.126  INFO 17740 --- [restartedMain] .s.d.r.c.RepositoryConfigurationDelegate : Multiple Spring Data modules found, entering strict repository configuration mode!
2023-05-10 20:43:19.132  INFO 17740 --- [restartedMain] .s.d.r.c.RepositoryConfigurationDelegate : Bootstrapping Spring Data Redis repositories in DEFAULT mode.
2023-05-10 20:43:19.243  INFO 17740 --- [restartedMain] .s.d.r.c.RepositoryConfigurationDelegate : Finished Spring Data repository scanning in 16 ms. Found 0 Redis repository interfaces.
2023-05-10 20:43:20.470  WARN 17740 --- [restartedMain] o.m.s.mapper.ClassPathMapperScanner      : No MyBatis mapper was found in '[com.mis.miOrder]' package. Please check your configuration.
2023-05-10 20:43:20.840  INFO 17740 --- [restartedMain] o.s.cloud.context.scope.GenericScope     : BeanFactory id=66622599-181c-3e8a-9721-700b7f3e2fdd
2023-05-10 20:43:24.346  INFO 17740 --- [restartedMain] o.s.b.w.embedded.tomcat.TomcatWebServer  : Tomcat initialized with port(s): 8004 (http)
2023-05-10 20:43:24.349  INFO 17740 --- [restartedMain] o.a.catalina.core.AprLifecycleListener   : Loaded Apache Tomcat Native library [1.2.35] using APR version [1.7.0].
2023-05-10 20:43:24.349  INFO 17740 --- [restartedMain] o.a.catalina.core.AprLifecycleListener   : APR capabilities: IPv6 [true], sendfile [true], accept filters [false], random [true], UDS [true].
2023-05-10 20:43:24.349  INFO 17740 --- [restartedMain] o.a.catalina.core.AprLifecycleListener   : APR/OpenSSL configuration: useAprConnector [false], useOpenSSL [true]
2023-05-10 20:43:24.369  INFO 17740 --- [restartedMain] o.a.catalina.core.AprLifecycleListener   : OpenSSL successfully initialized [OpenSSL 1.1.1q  5 Jul 2022]
2023-05-10 20:43:24.412  INFO 17740 --- [restartedMain] o.apache.catalina.core.StandardService   : Starting service [Tomcat]
2023-05-10 20:43:24.413  INFO 17740 --- [restartedMain] org.apache.catalina.core.StandardEngine  : Starting Servlet engine: [Apache Tomcat/9.0.63]
2023-05-10 20:43:24.582  INFO 17740 --- [restartedMain] o.a.c.c.C.[Tomcat].[localhost].[/]       : Initializing Spring embedded WebApplicationContext
2023-05-10 20:43:24.582  INFO 17740 --- [restartedMain] w.s.c.ServletWebServerApplicationContext : Root WebApplicationContext: initialization completed in 13529 ms
2023-05-10 20:43:24.777  INFO 17740 --- [restartedMain] c.a.d.s.b.a.DruidDataSourceAutoConfigure : Init DruidDataSource
2023-05-10 20:43:25.239  INFO 17740 --- [restartedMain] com.alibaba.druid.pool.DruidDataSource   : {dataSource-1} inited
2023-05-10 20:43:26.474  WARN 17740 --- [restartedMain] ConfigServletWebServerApplicationContext : Exception encountered during context initialization - cancelling refresh attempt: org.springframework.beans.factory.UnsatisfiedDependencyException: Error creating bean with name 'miAddCarController': Unsatisfied dependency expressed through field 'miGoodsBiz'; nested exception is org.springframework.beans.factory.NoSuchBeanDefinitionException: No qualifying bean of type 'com.mis.miGoods.biz.MiGoodsBiz' available: expected at least 1 bean which qualifies as autowire candidate. Dependency annotations: {@org.springframework.beans.factory.annotation.Autowired(required=true)}
2023-05-10 20:43:26.548  INFO 17740 --- [restartedMain] com.alibaba.druid.pool.DruidDataSource   : {dataSource-1} closing ...
2023-05-10 20:43:26.550  INFO 17740 --- [restartedMain] com.alibaba.druid.pool.DruidDataSource   : {dataSource-1} closed
2023-05-10 20:43:26.554  INFO 17740 --- [restartedMain] o.apache.catalina.core.StandardService   : Stopping service [Tomcat]
2023-05-10 20:43:26.598  INFO 17740 --- [restartedMain] ConditionEvaluationReportLoggingListener : 

Error starting ApplicationContext. To display the conditions report re-run your application with 'debug' enabled.
2023-05-10 20:43:26.709 ERROR 17740 --- [restartedMain] o.s.b.d.LoggingFailureAnalysisReporter   : 

***************************
APPLICATION FAILED TO START
***************************

Description:

Field miGoodsBiz in com.mis.miOrder.controllers.MiAddCarController required a bean of type 'com.mis.miGoods.biz.MiGoodsBiz' that could not be found.

The injection point has the following annotations:
	- @org.springframework.beans.factory.annotation.Autowired(required=true)


Action:

Consider defining a bean of type 'com.mis.miGoods.biz.MiGoodsBiz' in your configuration.

2023-05-10 20:44:09.335  INFO 2100 --- [restartedMain] c.a.n.client.env.SearchableProperties    : properties search order:PROPERTIES->JVM->ENV->DEFAULT_SETTING
2023-05-10 20:44:09.676  INFO 2100 --- [restartedMain] com.mis.miOrder.MiOrderApp               : Starting MiOrderApp using Java 1.8.0_65 on DESKTOP-BI1NJPJ with PID 2100 (D:\Mistore\mistore\mi-order\target\classes started by YogHurt in D:\Mistore\mistore)
2023-05-10 20:44:09.678  INFO 2100 --- [restartedMain] com.mis.miOrder.MiOrderApp               : No active profile set, falling back to 1 default profile: "default"
2023-05-10 20:44:09.763  INFO 2100 --- [restartedMain] .e.DevToolsPropertyDefaultsPostProcessor : Devtools property defaults active! Set 'spring.devtools.add-properties' to 'false' to disable
2023-05-10 20:44:09.763  INFO 2100 --- [restartedMain] .e.DevToolsPropertyDefaultsPostProcessor : For additional web related logging consider setting the 'logging.level.web' property to 'DEBUG'
2023-05-10 20:44:12.304  INFO 2100 --- [restartedMain] .s.d.r.c.RepositoryConfigurationDelegate : Multiple Spring Data modules found, entering strict repository configuration mode!
2023-05-10 20:44:12.308  INFO 2100 --- [restartedMain] .s.d.r.c.RepositoryConfigurationDelegate : Bootstrapping Spring Data Redis repositories in DEFAULT mode.
2023-05-10 20:44:12.342  INFO 2100 --- [restartedMain] .s.d.r.c.RepositoryConfigurationDelegate : Finished Spring Data repository scanning in 12 ms. Found 0 Redis repository interfaces.
2023-05-10 20:44:12.670  WARN 2100 --- [restartedMain] o.m.s.mapper.ClassPathMapperScanner      : No MyBatis mapper was found in '[com.mis.miOrder]' package. Please check your configuration.
2023-05-10 20:44:12.778  INFO 2100 --- [restartedMain] o.s.cloud.context.scope.GenericScope     : BeanFactory id=073a0d1d-dafc-3320-8e19-84c5b072c348
2023-05-10 20:44:14.098  INFO 2100 --- [restartedMain] o.s.b.w.embedded.tomcat.TomcatWebServer  : Tomcat initialized with port(s): 8004 (http)
2023-05-10 20:44:14.099  INFO 2100 --- [restartedMain] o.a.catalina.core.AprLifecycleListener   : Loaded Apache Tomcat Native library [1.2.35] using APR version [1.7.0].
2023-05-10 20:44:14.099  INFO 2100 --- [restartedMain] o.a.catalina.core.AprLifecycleListener   : APR capabilities: IPv6 [true], sendfile [true], accept filters [false], random [true], UDS [true].
2023-05-10 20:44:14.099  INFO 2100 --- [restartedMain] o.a.catalina.core.AprLifecycleListener   : APR/OpenSSL configuration: useAprConnector [false], useOpenSSL [true]
2023-05-10 20:44:14.104  INFO 2100 --- [restartedMain] o.a.catalina.core.AprLifecycleListener   : OpenSSL successfully initialized [OpenSSL 1.1.1q  5 Jul 2022]
2023-05-10 20:44:14.116  INFO 2100 --- [restartedMain] o.apache.catalina.core.StandardService   : Starting service [Tomcat]
2023-05-10 20:44:14.116  INFO 2100 --- [restartedMain] org.apache.catalina.core.StandardEngine  : Starting Servlet engine: [Apache Tomcat/9.0.63]
2023-05-10 20:44:14.264  INFO 2100 --- [restartedMain] o.a.c.c.C.[Tomcat].[localhost].[/]       : Initializing Spring embedded WebApplicationContext
2023-05-10 20:44:14.264  INFO 2100 --- [restartedMain] w.s.c.ServletWebServerApplicationContext : Root WebApplicationContext: initialization completed in 4500 ms
2023-05-10 20:44:14.421  INFO 2100 --- [restartedMain] c.a.d.s.b.a.DruidDataSourceAutoConfigure : Init DruidDataSource
2023-05-10 20:44:14.666  INFO 2100 --- [restartedMain] com.alibaba.druid.pool.DruidDataSource   : {dataSource-1} inited
2023-05-10 20:44:15.632  WARN 2100 --- [restartedMain] ConfigServletWebServerApplicationContext : Exception encountered during context initialization - cancelling refresh attempt: org.springframework.beans.factory.UnsatisfiedDependencyException: Error creating bean with name 'miAddCarController': Unsatisfied dependency expressed through field 'miGoodsBiz'; nested exception is org.springframework.beans.factory.NoSuchBeanDefinitionException: No qualifying bean of type 'com.mis.miGoods.biz.MiGoodsBiz' available: expected at least 1 bean which qualifies as autowire candidate. Dependency annotations: {@org.springframework.beans.factory.annotation.Autowired(required=true)}
2023-05-10 20:44:15.666  INFO 2100 --- [restartedMain] com.alibaba.druid.pool.DruidDataSource   : {dataSource-1} closing ...
2023-05-10 20:44:15.667  INFO 2100 --- [restartedMain] com.alibaba.druid.pool.DruidDataSource   : {dataSource-1} closed
2023-05-10 20:44:15.672  INFO 2100 --- [restartedMain] o.apache.catalina.core.StandardService   : Stopping service [Tomcat]
2023-05-10 20:44:15.698  INFO 2100 --- [restartedMain] ConditionEvaluationReportLoggingListener : 

Error starting ApplicationContext. To display the conditions report re-run your application with 'debug' enabled.
2023-05-10 20:44:15.803 ERROR 2100 --- [restartedMain] o.s.b.d.LoggingFailureAnalysisReporter   : 

***************************
APPLICATION FAILED TO START
***************************

Description:

Field miGoodsBiz in com.mis.miOrder.controllers.MiAddCarController required a bean of type 'com.mis.miGoods.biz.MiGoodsBiz' that could not be found.

The injection point has the following annotations:
	- @org.springframework.beans.factory.annotation.Autowired(required=true)


Action:

Consider defining a bean of type 'com.mis.miGoods.biz.MiGoodsBiz' in your configuration.

2023-05-10 20:45:03.677  INFO 15364 --- [restartedMain] c.a.n.client.env.SearchableProperties    : properties search order:PROPERTIES->JVM->ENV->DEFAULT_SETTING
2023-05-10 20:45:03.857  INFO 15364 --- [restartedMain] com.mis.miOrder.MiOrderApp               : Starting MiOrderApp using Java 1.8.0_65 on DESKTOP-BI1NJPJ with PID 15364 (D:\Mistore\mistore\mi-order\target\classes started by YogHurt in D:\Mistore\mistore)
2023-05-10 20:45:03.858  INFO 15364 --- [restartedMain] com.mis.miOrder.MiOrderApp               : No active profile set, falling back to 1 default profile: "default"
2023-05-10 20:45:03.956  INFO 15364 --- [restartedMain] .e.DevToolsPropertyDefaultsPostProcessor : Devtools property defaults active! Set 'spring.devtools.add-properties' to 'false' to disable
2023-05-10 20:45:03.956  INFO 15364 --- [restartedMain] .e.DevToolsPropertyDefaultsPostProcessor : For additional web related logging consider setting the 'logging.level.web' property to 'DEBUG'
2023-05-10 20:45:05.341  INFO 15364 --- [restartedMain] .s.d.r.c.RepositoryConfigurationDelegate : Multiple Spring Data modules found, entering strict repository configuration mode!
2023-05-10 20:45:05.346  INFO 15364 --- [restartedMain] .s.d.r.c.RepositoryConfigurationDelegate : Bootstrapping Spring Data Redis repositories in DEFAULT mode.
2023-05-10 20:45:05.371  INFO 15364 --- [restartedMain] .s.d.r.c.RepositoryConfigurationDelegate : Finished Spring Data repository scanning in 7 ms. Found 0 Redis repository interfaces.
2023-05-10 20:45:05.634  WARN 15364 --- [restartedMain] o.m.s.mapper.ClassPathMapperScanner      : No MyBatis mapper was found in '[com.mis.miOrder]' package. Please check your configuration.
2023-05-10 20:45:05.726  INFO 15364 --- [restartedMain] o.s.cloud.context.scope.GenericScope     : BeanFactory id=073a0d1d-dafc-3320-8e19-84c5b072c348
2023-05-10 20:45:06.662  INFO 15364 --- [restartedMain] o.s.b.w.embedded.tomcat.TomcatWebServer  : Tomcat initialized with port(s): 8004 (http)
2023-05-10 20:45:06.663  INFO 15364 --- [restartedMain] o.a.catalina.core.AprLifecycleListener   : Loaded Apache Tomcat Native library [1.2.35] using APR version [1.7.0].
2023-05-10 20:45:06.664  INFO 15364 --- [restartedMain] o.a.catalina.core.AprLifecycleListener   : APR capabilities: IPv6 [true], sendfile [true], accept filters [false], random [true], UDS [true].
2023-05-10 20:45:06.664  INFO 15364 --- [restartedMain] o.a.catalina.core.AprLifecycleListener   : APR/OpenSSL configuration: useAprConnector [false], useOpenSSL [true]
2023-05-10 20:45:06.668  INFO 15364 --- [restartedMain] o.a.catalina.core.AprLifecycleListener   : OpenSSL successfully initialized [OpenSSL 1.1.1q  5 Jul 2022]
2023-05-10 20:45:06.681  INFO 15364 --- [restartedMain] o.apache.catalina.core.StandardService   : Starting service [Tomcat]
2023-05-10 20:45:06.681  INFO 15364 --- [restartedMain] org.apache.catalina.core.StandardEngine  : Starting Servlet engine: [Apache Tomcat/9.0.63]
2023-05-10 20:45:06.835  INFO 15364 --- [restartedMain] o.a.c.c.C.[Tomcat].[localhost].[/]       : Initializing Spring embedded WebApplicationContext
2023-05-10 20:45:06.835  INFO 15364 --- [restartedMain] w.s.c.ServletWebServerApplicationContext : Root WebApplicationContext: initialization completed in 2878 ms
2023-05-10 20:45:06.968  INFO 15364 --- [restartedMain] c.a.d.s.b.a.DruidDataSourceAutoConfigure : Init DruidDataSource
2023-05-10 20:45:07.117  INFO 15364 --- [restartedMain] com.alibaba.druid.pool.DruidDataSource   : {dataSource-1} inited
2023-05-10 20:45:07.703  WARN 15364 --- [restartedMain] ConfigServletWebServerApplicationContext : Exception encountered during context initialization - cancelling refresh attempt: org.springframework.beans.factory.UnsatisfiedDependencyException: Error creating bean with name 'miAddCarController': Unsatisfied dependency expressed through field 'miGoodsBiz'; nested exception is org.springframework.beans.factory.NoSuchBeanDefinitionException: No qualifying bean of type 'com.mis.miGoods.biz.MiGoodsBiz' available: expected at least 1 bean which qualifies as autowire candidate. Dependency annotations: {@org.springframework.beans.factory.annotation.Autowired(required=true)}
2023-05-10 20:45:07.727  INFO 15364 --- [restartedMain] com.alibaba.druid.pool.DruidDataSource   : {dataSource-1} closing ...
2023-05-10 20:45:07.729  INFO 15364 --- [restartedMain] com.alibaba.druid.pool.DruidDataSource   : {dataSource-1} closed
2023-05-10 20:45:07.734  INFO 15364 --- [restartedMain] o.apache.catalina.core.StandardService   : Stopping service [Tomcat]
2023-05-10 20:45:07.759  INFO 15364 --- [restartedMain] ConditionEvaluationReportLoggingListener : 

Error starting ApplicationContext. To display the conditions report re-run your application with 'debug' enabled.
2023-05-10 20:45:07.798 ERROR 15364 --- [restartedMain] o.s.b.d.LoggingFailureAnalysisReporter   : 

***************************
APPLICATION FAILED TO START
***************************

Description:

Field miGoodsBiz in com.mis.miOrder.controllers.MiAddCarController required a bean of type 'com.mis.miGoods.biz.MiGoodsBiz' that could not be found.

The injection point has the following annotations:
	- @org.springframework.beans.factory.annotation.Autowired(required=true)


Action:

Consider defining a bean of type 'com.mis.miGoods.biz.MiGoodsBiz' in your configuration.

2023-05-10 20:47:35.165  INFO 15492 --- [restartedMain] c.a.n.client.env.SearchableProperties    : properties search order:PROPERTIES->JVM->ENV->DEFAULT_SETTING
2023-05-10 20:47:35.342  INFO 15492 --- [restartedMain] com.mis.miOrder.MiOrderApp               : Starting MiOrderApp using Java 1.8.0_65 on DESKTOP-BI1NJPJ with PID 15492 (D:\Mistore\mistore\mi-order\target\classes started by YogHurt in D:\Mistore\mistore)
2023-05-10 20:47:35.344  INFO 15492 --- [restartedMain] com.mis.miOrder.MiOrderApp               : No active profile set, falling back to 1 default profile: "default"
2023-05-10 20:47:35.402  INFO 15492 --- [restartedMain] .e.DevToolsPropertyDefaultsPostProcessor : Devtools property defaults active! Set 'spring.devtools.add-properties' to 'false' to disable
2023-05-10 20:47:35.403  INFO 15492 --- [restartedMain] .e.DevToolsPropertyDefaultsPostProcessor : For additional web related logging consider setting the 'logging.level.web' property to 'DEBUG'
2023-05-10 20:47:36.919  INFO 15492 --- [restartedMain] .s.d.r.c.RepositoryConfigurationDelegate : Multiple Spring Data modules found, entering strict repository configuration mode!
2023-05-10 20:47:36.923  INFO 15492 --- [restartedMain] .s.d.r.c.RepositoryConfigurationDelegate : Bootstrapping Spring Data Redis repositories in DEFAULT mode.
2023-05-10 20:47:36.947  INFO 15492 --- [restartedMain] .s.d.r.c.RepositoryConfigurationDelegate : Finished Spring Data repository scanning in 8 ms. Found 0 Redis repository interfaces.
2023-05-10 20:47:37.212  WARN 15492 --- [restartedMain] o.m.s.mapper.ClassPathMapperScanner      : No MyBatis mapper was found in '[com.mis.miOrder]' package. Please check your configuration.
2023-05-10 20:47:37.297  INFO 15492 --- [restartedMain] o.s.cloud.context.scope.GenericScope     : BeanFactory id=073a0d1d-dafc-3320-8e19-84c5b072c348
2023-05-10 20:47:38.626  INFO 15492 --- [restartedMain] o.s.b.w.embedded.tomcat.TomcatWebServer  : Tomcat initialized with port(s): 8004 (http)
2023-05-10 20:47:38.627  INFO 15492 --- [restartedMain] o.a.catalina.core.AprLifecycleListener   : Loaded Apache Tomcat Native library [1.2.35] using APR version [1.7.0].
2023-05-10 20:47:38.628  INFO 15492 --- [restartedMain] o.a.catalina.core.AprLifecycleListener   : APR capabilities: IPv6 [true], sendfile [true], accept filters [false], random [true], UDS [true].
2023-05-10 20:47:38.628  INFO 15492 --- [restartedMain] o.a.catalina.core.AprLifecycleListener   : APR/OpenSSL configuration: useAprConnector [false], useOpenSSL [true]
2023-05-10 20:47:38.648  INFO 15492 --- [restartedMain] o.a.catalina.core.AprLifecycleListener   : OpenSSL successfully initialized [OpenSSL 1.1.1q  5 Jul 2022]
2023-05-10 20:47:38.684  INFO 15492 --- [restartedMain] o.apache.catalina.core.StandardService   : Starting service [Tomcat]
2023-05-10 20:47:38.684  INFO 15492 --- [restartedMain] org.apache.catalina.core.StandardEngine  : Starting Servlet engine: [Apache Tomcat/9.0.63]
2023-05-10 20:47:38.829  INFO 15492 --- [restartedMain] o.a.c.c.C.[Tomcat].[localhost].[/]       : Initializing Spring embedded WebApplicationContext
2023-05-10 20:47:38.829  INFO 15492 --- [restartedMain] w.s.c.ServletWebServerApplicationContext : Root WebApplicationContext: initialization completed in 3424 ms
2023-05-10 20:47:39.156  INFO 15492 --- [restartedMain] c.a.d.s.b.a.DruidDataSourceAutoConfigure : Init DruidDataSource
2023-05-10 20:47:39.453  INFO 15492 --- [restartedMain] com.alibaba.druid.pool.DruidDataSource   : {dataSource-1} inited
2023-05-10 20:47:40.947  INFO 15492 --- [restartedMain] c.a.c.sentinel.SentinelWebMvcConfigurer  : [Sentinel Starter] register SentinelWebInterceptor with urlPatterns: [/**].
2023-05-10 20:47:42.760  INFO 15492 --- [restartedMain] o.s.cloud.commons.util.InetUtils         : Cannot determine local hostname
2023-05-10 20:47:45.100  INFO 15492 --- [restartedMain] o.s.b.d.a.OptionalLiveReloadServer       : LiveReload server is running on port 35729
2023-05-10 20:47:46.695  INFO 15492 --- [restartedMain] o.s.cloud.commons.util.InetUtils         : Cannot determine local hostname
2023-05-10 20:47:46.904  WARN 15492 --- [restartedMain] iguration$LoadBalancerCaffeineWarnLogger : Spring Cloud LoadBalancer is currently working with the default cache. While this cache implementation is useful for development and tests, it's recommended to use Caffeine cache in production.You can switch to using Caffeine cache, by adding it and org.springframework.cache.caffeine.CaffeineCacheManager to the classpath.
2023-05-10 20:47:46.954  INFO 15492 --- [restartedMain] o.s.b.a.e.web.EndpointLinksResolver      : Exposing 19 endpoint(s) beneath base path '/actuator'
2023-05-10 20:47:47.266  INFO 15492 --- [restartedMain] o.s.b.w.embedded.tomcat.TomcatWebServer  : Tomcat started on port(s): 8004 (http) with context path ''
2023-05-10 20:47:47.353  INFO 15492 --- [restartedMain] c.a.n.p.a.s.c.ClientAuthPluginManager    : [ClientAuthPluginManager] Load ClientAuthService com.alibaba.nacos.client.auth.impl.NacosClientAuthServiceImpl success.
2023-05-10 20:47:47.353  INFO 15492 --- [restartedMain] c.a.n.p.a.s.c.ClientAuthPluginManager    : [ClientAuthPluginManager] Load ClientAuthService com.alibaba.nacos.client.auth.ram.RamClientAuthServiceImpl success.
2023-05-10 20:47:53.090  INFO 15492 --- [restartedMain] c.a.c.n.registry.NacosServiceRegistry    : nacos registry, DEFAULT_GROUP mi-order 192.168.117.1:8004 register finished
2023-05-10 20:47:54.713  INFO 15492 --- [restartedMain] o.s.cloud.commons.util.InetUtils         : Cannot determine local hostname
2023-05-10 20:47:54.756  INFO 15492 --- [restartedMain] com.mis.miOrder.MiOrderApp               : Started MiOrderApp in 21.815 seconds (JVM running for 23.871)
2023-05-10 20:47:56.879  INFO 15492 --- [RMI TCP Connection(3)-192.168.117.1] o.a.c.c.C.[Tomcat].[localhost].[/]       : Initializing Spring DispatcherServlet 'dispatcherServlet'
2023-05-10 20:47:56.879  INFO 15492 --- [RMI TCP Connection(3)-192.168.117.1] o.s.web.servlet.DispatcherServlet        : Initializing Servlet 'dispatcherServlet'
2023-05-10 20:47:56.882  INFO 15492 --- [RMI TCP Connection(3)-192.168.117.1] o.s.web.servlet.DispatcherServlet        : Completed initialization in 3 ms
2023-05-10 20:56:04.243  INFO 13092 --- [restartedMain] c.a.n.client.env.SearchableProperties    : properties search order:PROPERTIES->JVM->ENV->DEFAULT_SETTING
2023-05-10 20:56:04.999  INFO 13092 --- [restartedMain] com.mis.miOrder.MiOrderApp               : Starting MiOrderApp using Java 1.8.0_65 on DESKTOP-BI1NJPJ with PID 13092 (D:\Mistore\mistore\mi-order\target\classes started by YogHurt in D:\Mistore\mistore)
2023-05-10 20:56:05.000  INFO 13092 --- [restartedMain] com.mis.miOrder.MiOrderApp               : No active profile set, falling back to 1 default profile: "default"
2023-05-10 20:56:05.125  INFO 13092 --- [restartedMain] .e.DevToolsPropertyDefaultsPostProcessor : Devtools property defaults active! Set 'spring.devtools.add-properties' to 'false' to disable
2023-05-10 20:56:05.125  INFO 13092 --- [restartedMain] .e.DevToolsPropertyDefaultsPostProcessor : For additional web related logging consider setting the 'logging.level.web' property to 'DEBUG'
2023-05-10 20:56:07.389  INFO 13092 --- [restartedMain] .s.d.r.c.RepositoryConfigurationDelegate : Multiple Spring Data modules found, entering strict repository configuration mode!
2023-05-10 20:56:07.392  INFO 13092 --- [restartedMain] .s.d.r.c.RepositoryConfigurationDelegate : Bootstrapping Spring Data Redis repositories in DEFAULT mode.
2023-05-10 20:56:07.423  INFO 13092 --- [restartedMain] .s.d.r.c.RepositoryConfigurationDelegate : Finished Spring Data repository scanning in 11 ms. Found 0 Redis repository interfaces.
2023-05-10 20:56:07.752  WARN 13092 --- [restartedMain] o.m.s.mapper.ClassPathMapperScanner      : No MyBatis mapper was found in '[com.mis.miOrder]' package. Please check your configuration.
2023-05-10 20:56:07.953  INFO 13092 --- [restartedMain] o.s.cloud.context.scope.GenericScope     : BeanFactory id=073a0d1d-dafc-3320-8e19-84c5b072c348
2023-05-10 20:56:11.225  INFO 13092 --- [restartedMain] o.s.b.w.embedded.tomcat.TomcatWebServer  : Tomcat initialized with port(s): 8804 (http)
2023-05-10 20:56:11.228  INFO 13092 --- [restartedMain] o.a.catalina.core.AprLifecycleListener   : Loaded Apache Tomcat Native library [1.2.35] using APR version [1.7.0].
2023-05-10 20:56:11.228  INFO 13092 --- [restartedMain] o.a.catalina.core.AprLifecycleListener   : APR capabilities: IPv6 [true], sendfile [true], accept filters [false], random [true], UDS [true].
2023-05-10 20:56:11.229  INFO 13092 --- [restartedMain] o.a.catalina.core.AprLifecycleListener   : APR/OpenSSL configuration: useAprConnector [false], useOpenSSL [true]
2023-05-10 20:56:11.393  INFO 13092 --- [restartedMain] o.a.catalina.core.AprLifecycleListener   : OpenSSL successfully initialized [OpenSSL 1.1.1q  5 Jul 2022]
2023-05-10 20:56:11.789  INFO 13092 --- [restartedMain] o.apache.catalina.core.StandardService   : Starting service [Tomcat]
2023-05-10 20:56:11.790  INFO 13092 --- [restartedMain] org.apache.catalina.core.StandardEngine  : Starting Servlet engine: [Apache Tomcat/9.0.63]
2023-05-10 20:56:12.270  INFO 13092 --- [restartedMain] o.a.c.c.C.[Tomcat].[localhost].[/]       : Initializing Spring embedded WebApplicationContext
2023-05-10 20:56:12.270  INFO 13092 --- [restartedMain] w.s.c.ServletWebServerApplicationContext : Root WebApplicationContext: initialization completed in 7144 ms
2023-05-10 20:56:12.634  INFO 13092 --- [restartedMain] c.a.d.s.b.a.DruidDataSourceAutoConfigure : Init DruidDataSource
2023-05-10 20:56:13.070  INFO 13092 --- [restartedMain] com.alibaba.druid.pool.DruidDataSource   : {dataSource-1} inited
2023-05-10 20:56:15.785  INFO 13092 --- [restartedMain] c.a.c.sentinel.SentinelWebMvcConfigurer  : [Sentinel Starter] register SentinelWebInterceptor with urlPatterns: [/**].
2023-05-10 20:56:17.776  INFO 13092 --- [restartedMain] o.s.cloud.commons.util.InetUtils         : Cannot determine local hostname
2023-05-10 20:56:20.858  INFO 13092 --- [restartedMain] o.s.b.d.a.OptionalLiveReloadServer       : LiveReload server is running on port 35729
2023-05-10 20:56:22.505  INFO 13092 --- [restartedMain] o.s.cloud.commons.util.InetUtils         : Cannot determine local hostname
2023-05-10 20:56:22.666  WARN 13092 --- [restartedMain] iguration$LoadBalancerCaffeineWarnLogger : Spring Cloud LoadBalancer is currently working with the default cache. While this cache implementation is useful for development and tests, it's recommended to use Caffeine cache in production.You can switch to using Caffeine cache, by adding it and org.springframework.cache.caffeine.CaffeineCacheManager to the classpath.
2023-05-10 20:56:22.697  INFO 13092 --- [restartedMain] o.s.b.a.e.web.EndpointLinksResolver      : Exposing 19 endpoint(s) beneath base path '/actuator'
2023-05-10 20:56:23.167  INFO 13092 --- [restartedMain] o.s.b.w.embedded.tomcat.TomcatWebServer  : Tomcat started on port(s): 8804 (http) with context path ''
2023-05-10 20:56:23.452  INFO 13092 --- [restartedMain] c.a.n.p.a.s.c.ClientAuthPluginManager    : [ClientAuthPluginManager] Load ClientAuthService com.alibaba.nacos.client.auth.impl.NacosClientAuthServiceImpl success.
2023-05-10 20:56:23.452  INFO 13092 --- [restartedMain] c.a.n.p.a.s.c.ClientAuthPluginManager    : [ClientAuthPluginManager] Load ClientAuthService com.alibaba.nacos.client.auth.ram.RamClientAuthServiceImpl success.
2023-05-10 20:56:29.404  INFO 13092 --- [restartedMain] c.a.c.n.registry.NacosServiceRegistry    : nacos registry, DEFAULT_GROUP mi-order 192.168.117.1:8804 register finished
2023-05-10 20:56:30.982  INFO 13092 --- [restartedMain] o.s.cloud.commons.util.InetUtils         : Cannot determine local hostname
2023-05-10 20:56:31.009  INFO 13092 --- [restartedMain] com.mis.miOrder.MiOrderApp               : Started MiOrderApp in 30.069 seconds (JVM running for 33.035)
2023-05-10 20:56:32.566  INFO 13092 --- [RMI TCP Connection(3)-192.168.117.1] o.a.c.c.C.[Tomcat].[localhost].[/]       : Initializing Spring DispatcherServlet 'dispatcherServlet'
2023-05-10 20:56:32.567  INFO 13092 --- [RMI TCP Connection(3)-192.168.117.1] o.s.web.servlet.DispatcherServlet        : Initializing Servlet 'dispatcherServlet'
2023-05-10 20:56:32.572  INFO 13092 --- [RMI TCP Connection(3)-192.168.117.1] o.s.web.servlet.DispatcherServlet        : Completed initialization in 4 ms
2023-05-10 20:58:55.017 ERROR 13092 --- [http-nio-8804-exec-2] o.a.c.c.C.[.[.[/].[dispatcherServlet]    : Servlet.service() for servlet [dispatcherServlet] in context with path [] threw exception [Request processing failed; nested exception is org.springframework.web.client.ResourceAccessException: I/O error on GET request for "http://localhost:8802/miGoods/findById/1": Connection refused: connect; nested exception is java.net.ConnectException: Connection refused: connect] with root cause

java.net.ConnectException: Connection refused: connect
	at java.net.DualStackPlainSocketImpl.connect0(Native Method) ~[na:1.8.0_65]
	at java.net.DualStackPlainSocketImpl.socketConnect(DualStackPlainSocketImpl.java:79) ~[na:1.8.0_65]
	at java.net.AbstractPlainSocketImpl.doConnect(AbstractPlainSocketImpl.java:350) ~[na:1.8.0_65]
	at java.net.AbstractPlainSocketImpl.connectToAddress(AbstractPlainSocketImpl.java:206) ~[na:1.8.0_65]
	at java.net.AbstractPlainSocketImpl.connect(AbstractPlainSocketImpl.java:188) ~[na:1.8.0_65]
	at java.net.PlainSocketImpl.connect(PlainSocketImpl.java:172) ~[na:1.8.0_65]
	at java.net.SocksSocketImpl.connect(SocksSocketImpl.java:392) ~[na:1.8.0_65]
	at java.net.Socket.connect(Socket.java:589) ~[na:1.8.0_65]
	at java.net.Socket.connect(Socket.java:538) ~[na:1.8.0_65]
	at sun.net.NetworkClient.doConnect(NetworkClient.java:180) ~[na:1.8.0_65]
	at sun.net.www.http.HttpClient.openServer(HttpClient.java:432) ~[na:1.8.0_65]
	at sun.net.www.http.HttpClient.openServer(HttpClient.java:527) ~[na:1.8.0_65]
	at sun.net.www.http.HttpClient.<init>(HttpClient.java:211) ~[na:1.8.0_65]
	at sun.net.www.http.HttpClient.New(HttpClient.java:308) ~[na:1.8.0_65]
	at sun.net.www.http.HttpClient.New(HttpClient.java:326) ~[na:1.8.0_65]
	at sun.net.www.protocol.http.HttpURLConnection.getNewHttpClient(HttpURLConnection.java:1169) ~[na:1.8.0_65]
	at sun.net.www.protocol.http.HttpURLConnection.plainConnect0(HttpURLConnection.java:1105) ~[na:1.8.0_65]
	at sun.net.www.protocol.http.HttpURLConnection.plainConnect(HttpURLConnection.java:999) ~[na:1.8.0_65]
	at sun.net.www.protocol.http.HttpURLConnection.connect(HttpURLConnection.java:933) ~[na:1.8.0_65]
	at org.springframework.http.client.SimpleBufferingClientHttpRequest.executeInternal(SimpleBufferingClientHttpRequest.java:76) ~[spring-web-5.3.20.jar:5.3.20]
	at org.springframework.http.client.AbstractBufferingClientHttpRequest.executeInternal(AbstractBufferingClientHttpRequest.java:48) ~[spring-web-5.3.20.jar:5.3.20]
	at org.springframework.http.client.AbstractClientHttpRequest.execute(AbstractClientHttpRequest.java:66) ~[spring-web-5.3.20.jar:5.3.20]
	at org.springframework.web.client.RestTemplate.doExecute(RestTemplate.java:776) ~[spring-web-5.3.20.jar:5.3.20]
	at org.springframework.web.client.RestTemplate.execute(RestTemplate.java:711) ~[spring-web-5.3.20.jar:5.3.20]
	at org.springframework.web.client.RestTemplate.getForObject(RestTemplate.java:334) ~[spring-web-5.3.20.jar:5.3.20]
	at com.mis.miOrder.controllers.MiAddCarController.addCart(MiAddCarController.java:37) ~[classes/:na]
	at sun.reflect.NativeMethodAccessorImpl.invoke0(Native Method) ~[na:1.8.0_65]
	at sun.reflect.NativeMethodAccessorImpl.invoke(NativeMethodAccessorImpl.java:62) ~[na:1.8.0_65]
	at sun.reflect.DelegatingMethodAccessorImpl.invoke(DelegatingMethodAccessorImpl.java:43) ~[na:1.8.0_65]
	at java.lang.reflect.Method.invoke(Method.java:497) ~[na:1.8.0_65]
	at org.springframework.web.method.support.InvocableHandlerMethod.doInvoke(InvocableHandlerMethod.java:205) ~[spring-web-5.3.20.jar:5.3.20]
	at org.springframework.web.method.support.InvocableHandlerMethod.invokeForRequest(InvocableHandlerMethod.java:150) ~[spring-web-5.3.20.jar:5.3.20]
	at org.springframework.web.servlet.mvc.method.annotation.ServletInvocableHandlerMethod.invokeAndHandle(ServletInvocableHandlerMethod.java:117) ~[spring-webmvc-5.3.20.jar:5.3.20]
	at org.springframework.web.servlet.mvc.method.annotation.RequestMappingHandlerAdapter.invokeHandlerMethod(RequestMappingHandlerAdapter.java:895) ~[spring-webmvc-5.3.20.jar:5.3.20]
	at org.springframework.web.servlet.mvc.method.annotation.RequestMappingHandlerAdapter.handleInternal(RequestMappingHandlerAdapter.java:808) ~[spring-webmvc-5.3.20.jar:5.3.20]
	at org.springframework.web.servlet.mvc.method.AbstractHandlerMethodAdapter.handle(AbstractHandlerMethodAdapter.java:87) ~[spring-webmvc-5.3.20.jar:5.3.20]
	at org.springframework.web.servlet.DispatcherServlet.doDispatch(DispatcherServlet.java:1067) ~[spring-webmvc-5.3.20.jar:5.3.20]
	at org.springframework.web.servlet.DispatcherServlet.doService(DispatcherServlet.java:963) ~[spring-webmvc-5.3.20.jar:5.3.20]
	at org.springframework.web.servlet.FrameworkServlet.processRequest(FrameworkServlet.java:1006) ~[spring-webmvc-5.3.20.jar:5.3.20]
	at org.springframework.web.servlet.FrameworkServlet.doGet(FrameworkServlet.java:898) ~[spring-webmvc-5.3.20.jar:5.3.20]
	at javax.servlet.http.HttpServlet.service(HttpServlet.java:655) ~[tomcat-embed-core-9.0.63.jar:4.0.FR]
	at org.springframework.web.servlet.FrameworkServlet.service(FrameworkServlet.java:883) ~[spring-webmvc-5.3.20.jar:5.3.20]
	at javax.servlet.http.HttpServlet.service(HttpServlet.java:764) ~[tomcat-embed-core-9.0.63.jar:4.0.FR]
	at org.apache.catalina.core.ApplicationFilterChain.internalDoFilter(ApplicationFilterChain.java:227) ~[tomcat-embed-core-9.0.63.jar:9.0.63]
	at org.apache.catalina.core.ApplicationFilterChain.doFilter(ApplicationFilterChain.java:162) ~[tomcat-embed-core-9.0.63.jar:9.0.63]
	at org.apache.tomcat.websocket.server.WsFilter.doFilter(WsFilter.java:53) ~[tomcat-embed-websocket-9.0.63.jar:9.0.63]
	at org.apache.catalina.core.ApplicationFilterChain.internalDoFilter(ApplicationFilterChain.java:189) ~[tomcat-embed-core-9.0.63.jar:9.0.63]
	at org.apache.catalina.core.ApplicationFilterChain.doFilter(ApplicationFilterChain.java:162) ~[tomcat-embed-core-9.0.63.jar:9.0.63]
	at org.springframework.web.filter.RequestContextFilter.doFilterInternal(RequestContextFilter.java:100) ~[spring-web-5.3.20.jar:5.3.20]
	at org.springframework.web.filter.OncePerRequestFilter.doFilter(OncePerRequestFilter.java:117) ~[spring-web-5.3.20.jar:5.3.20]
	at org.apache.catalina.core.ApplicationFilterChain.internalDoFilter(ApplicationFilterChain.java:189) ~[tomcat-embed-core-9.0.63.jar:9.0.63]
	at org.apache.catalina.core.ApplicationFilterChain.doFilter(ApplicationFilterChain.java:162) ~[tomcat-embed-core-9.0.63.jar:9.0.63]
	at org.springframework.web.filter.FormContentFilter.doFilterInternal(FormContentFilter.java:93) ~[spring-web-5.3.20.jar:5.3.20]
	at org.springframework.web.filter.OncePerRequestFilter.doFilter(OncePerRequestFilter.java:117) ~[spring-web-5.3.20.jar:5.3.20]
	at org.apache.catalina.core.ApplicationFilterChain.internalDoFilter(ApplicationFilterChain.java:189) ~[tomcat-embed-core-9.0.63.jar:9.0.63]
	at org.apache.catalina.core.ApplicationFilterChain.doFilter(ApplicationFilterChain.java:162) ~[tomcat-embed-core-9.0.63.jar:9.0.63]
	at org.springframework.boot.actuate.metrics.web.servlet.WebMvcMetricsFilter.doFilterInternal(WebMvcMetricsFilter.java:96) ~[spring-boot-actuator-2.7.0.jar:2.7.0]
	at org.springframework.web.filter.OncePerRequestFilter.doFilter(OncePerRequestFilter.java:117) ~[spring-web-5.3.20.jar:5.3.20]
	at org.apache.catalina.core.ApplicationFilterChain.internalDoFilter(ApplicationFilterChain.java:189) ~[tomcat-embed-core-9.0.63.jar:9.0.63]
	at org.apache.catalina.core.ApplicationFilterChain.doFilter(ApplicationFilterChain.java:162) ~[tomcat-embed-core-9.0.63.jar:9.0.63]
	at org.springframework.web.filter.CharacterEncodingFilter.doFilterInternal(CharacterEncodingFilter.java:201) ~[spring-web-5.3.20.jar:5.3.20]
	at org.springframework.web.filter.OncePerRequestFilter.doFilter(OncePerRequestFilter.java:117) ~[spring-web-5.3.20.jar:5.3.20]
	at org.apache.catalina.core.ApplicationFilterChain.internalDoFilter(ApplicationFilterChain.java:189) ~[tomcat-embed-core-9.0.63.jar:9.0.63]
	at org.apache.catalina.core.ApplicationFilterChain.doFilter(ApplicationFilterChain.java:162) ~[tomcat-embed-core-9.0.63.jar:9.0.63]
	at org.apache.catalina.core.StandardWrapperValve.invoke(StandardWrapperValve.java:197) ~[tomcat-embed-core-9.0.63.jar:9.0.63]
	at org.apache.catalina.core.StandardContextValve.invoke(StandardContextValve.java:97) [tomcat-embed-core-9.0.63.jar:9.0.63]
	at org.apache.catalina.authenticator.AuthenticatorBase.invoke(AuthenticatorBase.java:541) [tomcat-embed-core-9.0.63.jar:9.0.63]
	at org.apache.catalina.core.StandardHostValve.invoke(StandardHostValve.java:135) [tomcat-embed-core-9.0.63.jar:9.0.63]
	at org.apache.catalina.valves.ErrorReportValve.invoke(ErrorReportValve.java:92) [tomcat-embed-core-9.0.63.jar:9.0.63]
	at org.apache.catalina.core.StandardEngineValve.invoke(StandardEngineValve.java:78) [tomcat-embed-core-9.0.63.jar:9.0.63]
	at org.apache.catalina.connector.CoyoteAdapter.service(CoyoteAdapter.java:360) [tomcat-embed-core-9.0.63.jar:9.0.63]
	at org.apache.coyote.http11.Http11Processor.service(Http11Processor.java:399) [tomcat-embed-core-9.0.63.jar:9.0.63]
	at org.apache.coyote.AbstractProcessorLight.process(AbstractProcessorLight.java:65) [tomcat-embed-core-9.0.63.jar:9.0.63]
	at org.apache.coyote.AbstractProtocol$ConnectionHandler.process(AbstractProtocol.java:890) [tomcat-embed-core-9.0.63.jar:9.0.63]
	at org.apache.tomcat.util.net.NioEndpoint$SocketProcessor.doRun(NioEndpoint.java:1743) [tomcat-embed-core-9.0.63.jar:9.0.63]
	at org.apache.tomcat.util.net.SocketProcessorBase.run(SocketProcessorBase.java:49) [tomcat-embed-core-9.0.63.jar:9.0.63]
	at org.apache.tomcat.util.threads.ThreadPoolExecutor.runWorker(ThreadPoolExecutor.java:1191) [tomcat-embed-core-9.0.63.jar:9.0.63]
	at org.apache.tomcat.util.threads.ThreadPoolExecutor$Worker.run(ThreadPoolExecutor.java:659) [tomcat-embed-core-9.0.63.jar:9.0.63]
	at org.apache.tomcat.util.threads.TaskThread$WrappingRunnable.run(TaskThread.java:61) [tomcat-embed-core-9.0.63.jar:9.0.63]
	at java.lang.Thread.run(Thread.java:745) [na:1.8.0_65]

2023-05-10 21:30:19.919  INFO 12952 --- [restartedMain] c.a.n.client.env.SearchableProperties    : properties search order:PROPERTIES->JVM->ENV->DEFAULT_SETTING
2023-05-10 21:30:20.156  INFO 12952 --- [restartedMain] com.mis.miOrder.MiOrderApp               : Starting MiOrderApp using Java 1.8.0_65 on DESKTOP-BI1NJPJ with PID 12952 (D:\Mistore\mistore\mi-order\target\classes started by YogHurt in D:\Mistore\mistore)
2023-05-10 21:30:20.157  INFO 12952 --- [restartedMain] com.mis.miOrder.MiOrderApp               : No active profile set, falling back to 1 default profile: "default"
2023-05-10 21:30:20.416  INFO 12952 --- [restartedMain] .e.DevToolsPropertyDefaultsPostProcessor : Devtools property defaults active! Set 'spring.devtools.add-properties' to 'false' to disable
2023-05-10 21:30:20.417  INFO 12952 --- [restartedMain] .e.DevToolsPropertyDefaultsPostProcessor : For additional web related logging consider setting the 'logging.level.web' property to 'DEBUG'
2023-05-10 21:30:36.497  INFO 12952 --- [restartedMain] .s.d.r.c.RepositoryConfigurationDelegate : Multiple Spring Data modules found, entering strict repository configuration mode!
2023-05-10 21:30:36.502  INFO 12952 --- [restartedMain] .s.d.r.c.RepositoryConfigurationDelegate : Bootstrapping Spring Data Redis repositories in DEFAULT mode.
2023-05-10 21:30:36.702  INFO 12952 --- [restartedMain] .s.d.r.c.RepositoryConfigurationDelegate : Finished Spring Data repository scanning in 8 ms. Found 0 Redis repository interfaces.
2023-05-10 21:30:37.915  WARN 12952 --- [restartedMain] o.m.s.mapper.ClassPathMapperScanner      : No MyBatis mapper was found in '[com.mis.miOrder]' package. Please check your configuration.
2023-05-10 21:30:38.335  INFO 12952 --- [restartedMain] o.s.cloud.context.scope.GenericScope     : BeanFactory id=073a0d1d-dafc-3320-8e19-84c5b072c348
2023-05-10 21:30:43.646  INFO 12952 --- [restartedMain] o.s.b.w.embedded.tomcat.TomcatWebServer  : Tomcat initialized with port(s): 8804 (http)
2023-05-10 21:30:43.648  INFO 12952 --- [restartedMain] o.a.catalina.core.AprLifecycleListener   : Loaded Apache Tomcat Native library [1.2.35] using APR version [1.7.0].
2023-05-10 21:30:43.649  INFO 12952 --- [restartedMain] o.a.catalina.core.AprLifecycleListener   : APR capabilities: IPv6 [true], sendfile [true], accept filters [false], random [true], UDS [true].
2023-05-10 21:30:43.649  INFO 12952 --- [restartedMain] o.a.catalina.core.AprLifecycleListener   : APR/OpenSSL configuration: useAprConnector [false], useOpenSSL [true]
2023-05-10 21:30:43.737  INFO 12952 --- [restartedMain] o.a.catalina.core.AprLifecycleListener   : OpenSSL successfully initialized [OpenSSL 1.1.1q  5 Jul 2022]
2023-05-10 21:30:44.382  INFO 12952 --- [restartedMain] o.apache.catalina.core.StandardService   : Starting service [Tomcat]
2023-05-10 21:30:44.383  INFO 12952 --- [restartedMain] org.apache.catalina.core.StandardEngine  : Starting Servlet engine: [Apache Tomcat/9.0.63]
2023-05-10 21:30:44.874  INFO 12952 --- [restartedMain] o.a.c.c.C.[Tomcat].[localhost].[/]       : Initializing Spring embedded WebApplicationContext
2023-05-10 21:30:44.874  INFO 12952 --- [restartedMain] w.s.c.ServletWebServerApplicationContext : Root WebApplicationContext: initialization completed in 24456 ms
2023-05-10 21:30:45.296  INFO 12952 --- [restartedMain] c.a.d.s.b.a.DruidDataSourceAutoConfigure : Init DruidDataSource
2023-05-10 21:30:45.637  INFO 12952 --- [restartedMain] com.alibaba.druid.pool.DruidDataSource   : {dataSource-1} inited
2023-05-10 21:30:47.962  INFO 12952 --- [restartedMain] c.a.c.sentinel.SentinelWebMvcConfigurer  : [Sentinel Starter] register SentinelWebInterceptor with urlPatterns: [/**].
2023-05-10 21:30:50.108  INFO 12952 --- [restartedMain] o.s.cloud.commons.util.InetUtils         : Cannot determine local hostname
2023-05-10 21:30:53.390  INFO 12952 --- [restartedMain] o.s.b.d.a.OptionalLiveReloadServer       : LiveReload server is running on port 35729
2023-05-10 21:30:55.023  INFO 12952 --- [restartedMain] o.s.cloud.commons.util.InetUtils         : Cannot determine local hostname
2023-05-10 21:30:55.208  WARN 12952 --- [restartedMain] iguration$LoadBalancerCaffeineWarnLogger : Spring Cloud LoadBalancer is currently working with the default cache. While this cache implementation is useful for development and tests, it's recommended to use Caffeine cache in production.You can switch to using Caffeine cache, by adding it and org.springframework.cache.caffeine.CaffeineCacheManager to the classpath.
2023-05-10 21:30:55.278  INFO 12952 --- [restartedMain] o.s.b.a.e.web.EndpointLinksResolver      : Exposing 19 endpoint(s) beneath base path '/actuator'
2023-05-10 21:30:55.695  INFO 12952 --- [restartedMain] o.s.b.w.embedded.tomcat.TomcatWebServer  : Tomcat started on port(s): 8804 (http) with context path ''
2023-05-10 21:30:56.070  INFO 12952 --- [restartedMain] c.a.n.p.a.s.c.ClientAuthPluginManager    : [ClientAuthPluginManager] Load ClientAuthService com.alibaba.nacos.client.auth.impl.NacosClientAuthServiceImpl success.
2023-05-10 21:30:56.071  INFO 12952 --- [restartedMain] c.a.n.p.a.s.c.ClientAuthPluginManager    : [ClientAuthPluginManager] Load ClientAuthService com.alibaba.nacos.client.auth.ram.RamClientAuthServiceImpl success.
2023-05-10 21:31:02.333  INFO 12952 --- [restartedMain] c.a.c.n.registry.NacosServiceRegistry    : nacos registry, DEFAULT_GROUP mi-order 192.168.117.1:8804 register finished
2023-05-10 21:31:04.177  INFO 12952 --- [restartedMain] o.s.cloud.commons.util.InetUtils         : Cannot determine local hostname
2023-05-10 21:31:04.203  INFO 12952 --- [restartedMain] com.mis.miOrder.MiOrderApp               : Started MiOrderApp in 46.863 seconds (JVM running for 50.286)
2023-05-10 21:31:05.224  INFO 12952 --- [RMI TCP Connection(4)-192.168.117.1] o.a.c.c.C.[Tomcat].[localhost].[/]       : Initializing Spring DispatcherServlet 'dispatcherServlet'
2023-05-10 21:31:05.225  INFO 12952 --- [RMI TCP Connection(4)-192.168.117.1] o.s.web.servlet.DispatcherServlet        : Initializing Servlet 'dispatcherServlet'
2023-05-10 21:31:05.227  INFO 12952 --- [RMI TCP Connection(4)-192.168.117.1] o.s.web.servlet.DispatcherServlet        : Completed initialization in 2 ms
